# JRE version: OpenJDK Runtime Environment (8.0_242-b01) (build 1.8.0_242-release-1644-b01)
# Java VM: OpenJDK 64-Bit Server VM (25.242-b01 mixed mode windows-amd64 compressed oops)
Heap:
 PSYoungGen      total 258560K, used 70690K [0x00000000eab00000, 0x00000000fcd80000, 0x0000000100000000)
  eden space 226304K, 31% used [0x00000000eab00000,0x00000000ef008bd8,0x00000000f8800000)
  from space 32256K, 0% used [0x00000000f8800000,0x00000000f8800000,0x00000000fa780000)
  to   space 30720K, 0% used [0x00000000fa780000,0x00000000fa780000,0x00000000fc580000)
 ParOldGen       total 237056K, used 70219K [0x00000000c0000000, 0x00000000ce780000, 0x00000000eab00000)
  object space 237056K, 29% used [0x00000000c0000000,0x00000000c4492de8,0x00000000ce780000)
 Metaspace       used 93197K, capacity 97956K, committed 99404K, reserved 1134592K
  class space    used 12396K, capacity 13352K, committed 13628K, reserved 1048576K
GC Heap History (10 events):
Event: 17.452 GC heap before
{Heap before GC invocations=15 (full 3):
 PSYoungGen      total 186368K, used 180080K [0x00000000eab00000, 0x00000000f9700000, 0x0000000100000000)
  eden space 165376K, 100% used [0x00000000eab00000,0x00000000f4c80000,0x00000000f4c80000)
  from space 20992K, 70% used [0x00000000f4c80000,0x00000000f5adc010,0x00000000f6100000)
  to   space 20992K, 0% used [0x00000000f8280000,0x00000000f8280000,0x00000000f9700000)
 ParOldGen       total 237056K, used 36790K [0x00000000c0000000, 0x00000000ce780000, 0x00000000eab00000)
  object space 237056K, 15% used [0x00000000c0000000,0x00000000c23edb50,0x00000000ce780000)
 Metaspace       used 75230K, capacity 79096K, committed 79252K, reserved 1118208K
  class space    used 10412K, capacity 11133K, committed 11196K, reserved 1048576K
Event: 17.473 GC heap after
Heap after GC invocations=15 (full 3):
 PSYoungGen      total 216576K, used 20986K [0x00000000eab00000, 0x00000000f9a00000, 0x0000000100000000)
  eden space 195584K, 0% used [0x00000000eab00000,0x00000000eab00000,0x00000000f6a00000)
  from space 20992K, 99% used [0x00000000f8280000,0x00000000f96fe8f8,0x00000000f9700000)
  to   space 24576K, 0% used [0x00000000f6a00000,0x00000000f6a00000,0x00000000f8200000)
 ParOldGen       total 237056K, used 38849K [0x00000000c0000000, 0x00000000ce780000, 0x00000000eab00000)
  object space 237056K, 16% used [0x00000000c0000000,0x00000000c25f0778,0x00000000ce780000)
 Metaspace       used 75230K, capacity 79096K, committed 79252K, reserved 1118208K
  class space    used 10412K, capacity 11133K, committed 11196K, reserved 1048576K
}
Event: 22.862 GC heap before
{Heap before GC invocations=16 (full 3):
 PSYoungGen      total 216576K, used 216570K [0x00000000eab00000, 0x00000000f9a00000, 0x0000000100000000)
  eden space 195584K, 100% used [0x00000000eab00000,0x00000000f6a00000,0x00000000f6a00000)
  from space 20992K, 99% used [0x00000000f8280000,0x00000000f96fe8f8,0x00000000f9700000)
  to   space 24576K, 0% used [0x00000000f6a00000,0x00000000f6a00000,0x00000000f8200000)
 ParOldGen       total 237056K, used 38849K [0x00000000c0000000, 0x00000000ce780000, 0x00000000eab00000)
  object space 237056K, 16% used [0x00000000c0000000,0x00000000c25f0778,0x00000000ce780000)
 Metaspace       used 79745K, capacity 84440K, committed 84756K, reserved 1122304K
  class space    used 10896K, capacity 11755K, committed 11836K, reserved 1048576K
Event: 22.914 GC heap after
Heap after GC invocations=16 (full 3):
 PSYoungGen      total 220160K, used 24566K [0x00000000eab00000, 0x00000000fc580000, 0x0000000100000000)
  eden space 195584K, 0% used [0x00000000eab00000,0x00000000eab00000,0x00000000f6a00000)
  from space 24576K, 99% used [0x00000000f6a00000,0x00000000f81fda90,0x00000000f8200000)
  to   space 30720K, 0% used [0x00000000fa780000,0x00000000fa780000,0x00000000fc580000)
 ParOldGen       total 237056K, used 46157K [0x00000000c0000000, 0x00000000ce780000, 0x00000000eab00000)
  object space 237056K, 19% used [0x00000000c0000000,0x00000000c2d13440,0x00000000ce780000)
 Metaspace       used 79745K, capacity 84440K, committed 84756K, reserved 1122304K
  class space    used 10896K, capacity 11755K, committed 11836K, reserved 1048576K
}
Event: 24.178 GC heap before
{Heap before GC invocations=17 (full 3):
 PSYoungGen      total 220160K, used 220150K [0x00000000eab00000, 0x00000000fc580000, 0x0000000100000000)
  eden space 195584K, 100% used [0x00000000eab00000,0x00000000f6a00000,0x00000000f6a00000)
  from space 24576K, 99% used [0x00000000f6a00000,0x00000000f81fda90,0x00000000f8200000)
  to   space 30720K, 0% used [0x00000000fa780000,0x00000000fa780000,0x00000000fc580000)
 ParOldGen       total 237056K, used 46157K [0x00000000c0000000, 0x00000000ce780000, 0x00000000eab00000)
  object space 237056K, 19% used [0x00000000c0000000,0x00000000c2d13440,0x00000000ce780000)
 Metaspace       used 79775K, capacity 84504K, committed 84756K, reserved 1122304K
  class space    used 10898K, capacity 11755K, committed 11836K, reserved 1048576K
Event: 24.222 GC heap after
Heap after GC invocations=17 (full 3):
 PSYoungGen      total 257024K, used 23124K [0x00000000eab00000, 0x00000000fcd80000, 0x0000000100000000)
  eden space 226304K, 0% used [0x00000000eab00000,0x00000000eab00000,0x00000000f8800000)
  from space 30720K, 75% used [0x00000000fa780000,0x00000000fbe15340,0x00000000fc580000)
  to   space 32256K, 0% used [0x00000000f8800000,0x00000000f8800000,0x00000000fa780000)
 ParOldGen       total 237056K, used 60321K [0x00000000c0000000, 0x00000000ce780000, 0x00000000eab00000)
  object space 237056K, 25% used [0x00000000c0000000,0x00000000c3ae8480,0x00000000ce780000)
 Metaspace       used 79775K, capacity 84504K, committed 84756K, reserved 1122304K
  class space    used 10898K, capacity 11755K, committed 11836K, reserved 1048576K
}
Event: 159.336 GC heap before
{Heap before GC invocations=18 (full 3):
 PSYoungGen      total 257024K, used 237511K [0x00000000eab00000, 0x00000000fcd80000, 0x0000000100000000)
  eden space 226304K, 94% used [0x00000000eab00000,0x00000000f7c5c970,0x00000000f8800000)
  from space 30720K, 75% used [0x00000000fa780000,0x00000000fbe15340,0x00000000fc580000)
  to   space 32256K, 0% used [0x00000000f8800000,0x00000000f8800000,0x00000000fa780000)
 ParOldGen       total 237056K, used 60321K [0x00000000c0000000, 0x00000000ce780000, 0x00000000eab00000)
  object space 237056K, 25% used [0x00000000c0000000,0x00000000c3ae8480,0x00000000ce780000)
 Metaspace       used 92716K, capacity 98238K, committed 98380K, reserved 1134592K
  class space    used 12453K, capacity 13527K, committed 13628K, reserved 1048576K
Event: 159.431 GC heap after
Heap after GC invocations=18 (full 3):
 PSYoungGen      total 258560K, used 32235K [0x00000000eab00000, 0x00000000fcd80000, 0x0000000100000000)
  eden space 226304K, 0% used [0x00000000eab00000,0x00000000eab00000,0x00000000f8800000)
  from space 32256K, 99% used [0x00000000f8800000,0x00000000fa77afb8,0x00000000fa780000)
  to   space 30720K, 0% used [0x00000000fa780000,0x00000000fa780000,0x00000000fc580000)
 ParOldGen       total 237056K, used 61251K [0x00000000c0000000, 0x00000000ce780000, 0x00000000eab00000)
  object space 237056K, 25% used [0x00000000c0000000,0x00000000c3bd0ec0,0x00000000ce780000)
 Metaspace       used 92716K, capacity 98238K, committed 98380K, reserved 1134592K
  class space    used 12453K, capacity 13527K, committed 13628K, reserved 1048576K
}
Event: 159.431 GC heap before
{Heap before GC invocations=19 (full 4):
 PSYoungGen      total 258560K, used 32235K [0x00000000eab00000, 0x00000000fcd80000, 0x0000000100000000)
  eden space 226304K, 0% used [0x00000000eab00000,0x00000000eab00000,0x00000000f8800000)
  from space 32256K, 99% used [0x00000000f8800000,0x00000000fa77afb8,0x00000000fa780000)
  to   space 30720K, 0% used [0x00000000fa780000,0x00000000fa780000,0x00000000fc580000)
 ParOldGen       total 237056K, used 61251K [0x00000000c0000000, 0x00000000ce780000, 0x00000000eab00000)
  object space 237056K, 25% used [0x00000000c0000000,0x00000000c3bd0ec0,0x00000000ce780000)
 Metaspace       used 92716K, capacity 98238K, committed 98380K, reserved 1134592K
  class space    used 12453K, capacity 13527K, committed 13628K, reserved 1048576K
Event: 159.719 GC heap after
Heap after GC invocations=19 (full 4):
 PSYoungGen      total 258560K, used 0K [0x00000000eab00000, 0x00000000fcd80000, 0x0000000100000000)
  eden space 226304K, 0% used [0x00000000eab00000,0x00000000eab00000,0x00000000f8800000)
  from space 32256K, 0% used [0x00000000f8800000,0x00000000f8800000,0x00000000fa780000)
  to   space 30720K, 0% used [0x00000000fa780000,0x00000000fa780000,0x00000000fc580000)
 ParOldGen       total 237056K, used 70219K [0x00000000c0000000, 0x00000000ce780000, 0x00000000eab00000)
  object space 237056K, 29% used [0x00000000c0000000,0x00000000c4492de8,0x00000000ce780000)
 Metaspace       used 92289K, capacity 96978K, committed 98380K, reserved 1134592K
  class space    used 12313K, capacity 13277K, committed 13628K, reserved 1048576K
}

