# JRE version: OpenJDK Runtime Environment (8.0_242-b01) (build 1.8.0_242-release-1644-b01)
# Java VM: OpenJDK 64-Bit Server VM (25.242-b01 mixed mode windows-amd64 compressed oops)
Heap:
 PSYoungGen      total 286720K, used 169246K [0x00000000eab00000, 0x0000000100000000, 0x0000000100000000)
  eden space 253440K, 60% used [0x00000000eab00000,0x00000000f4044698,0x00000000fa280000)
  from space 33280K, 49% used [0x00000000fa280000,0x00000000fb2834e0,0x00000000fc300000)
  to   space 31744K, 0% used [0x00000000fe100000,0x00000000fe100000,0x0000000100000000)
 ParOldGen       total 218112K, used 58242K [0x00000000c0000000, 0x00000000cd500000, 0x00000000eab00000)
  object space 218112K, 26% used [0x00000000c0000000,0x00000000c38e0b30,0x00000000cd500000)
 Metaspace       used 87887K, capacity 92860K, committed 93076K, reserved 1130496K
  class space    used 11719K, capacity 12635K, committed 12732K, reserved 1048576K
GC Heap History (10 events):
Event: 136.074 GC heap before
{Heap before GC invocations=16 (full 3):
 PSYoungGen      total 231936K, used 15871K [0x00000000eab00000, 0x00000000fa880000, 0x0000000100000000)
  eden space 216064K, 0% used [0x00000000eab00000,0x00000000eab00000,0x00000000f7e00000)
  from space 15872K, 99% used [0x00000000f7e00000,0x00000000f8d7fd08,0x00000000f8d80000)
  to   space 20480K, 0% used [0x00000000f9480000,0x00000000f9480000,0x00000000fa880000)
 ParOldGen       total 145408K, used 22811K [0x00000000c0000000, 0x00000000c8e00000, 0x00000000eab00000)
  object space 145408K, 15% used [0x00000000c0000000,0x00000000c1646e20,0x00000000c8e00000)
 Metaspace       used 56656K, capacity 58928K, committed 59028K, reserved 1099776K
  class space    used 7375K, capacity 7811K, committed 7868K, reserved 1048576K
Event: 136.539 GC heap after
Heap after GC invocations=16 (full 3):
 PSYoungGen      total 231936K, used 0K [0x00000000eab00000, 0x00000000fa880000, 0x0000000100000000)
  eden space 216064K, 0% used [0x00000000eab00000,0x00000000eab00000,0x00000000f7e00000)
  from space 15872K, 0% used [0x00000000f7e00000,0x00000000f7e00000,0x00000000f8d80000)
  to   space 20480K, 0% used [0x00000000f9480000,0x00000000f9480000,0x00000000fa880000)
 ParOldGen       total 218112K, used 36527K [0x00000000c0000000, 0x00000000cd500000, 0x00000000eab00000)
  object space 218112K, 16% used [0x00000000c0000000,0x00000000c23abd20,0x00000000cd500000)
 Metaspace       used 56574K, capacity 58748K, committed 59028K, reserved 1099776K
  class space    used 7349K, capacity 7772K, committed 7868K, reserved 1048576K
}
Event: 144.184 GC heap before
{Heap before GC invocations=17 (full 3):
 PSYoungGen      total 231936K, used 216064K [0x00000000eab00000, 0x00000000fa880000, 0x0000000100000000)
  eden space 216064K, 100% used [0x00000000eab00000,0x00000000f7e00000,0x00000000f7e00000)
  from space 15872K, 0% used [0x00000000f7e00000,0x00000000f7e00000,0x00000000f8d80000)
  to   space 20480K, 0% used [0x00000000f9480000,0x00000000f9480000,0x00000000fa880000)
 ParOldGen       total 218112K, used 36527K [0x00000000c0000000, 0x00000000cd500000, 0x00000000eab00000)
  object space 218112K, 16% used [0x00000000c0000000,0x00000000c23abd20,0x00000000cd500000)
 Metaspace       used 70776K, capacity 73694K, committed 74004K, reserved 1114112K
  class space    used 9339K, capacity 9944K, committed 10044K, reserved 1048576K
Event: 144.206 GC heap after
Heap after GC invocations=17 (full 3):
 PSYoungGen      total 235520K, used 20462K [0x00000000eab00000, 0x00000000fd800000, 0x0000000100000000)
  eden space 215040K, 0% used [0x00000000eab00000,0x00000000eab00000,0x00000000f7d00000)
  from space 20480K, 99% used [0x00000000f9480000,0x00000000fa87b850,0x00000000fa880000)
  to   space 24064K, 0% used [0x00000000f7d00000,0x00000000f7d00000,0x00000000f9480000)
 ParOldGen       total 218112K, used 39265K [0x00000000c0000000, 0x00000000cd500000, 0x00000000eab00000)
  object space 218112K, 18% used [0x00000000c0000000,0x00000000c2658408,0x00000000cd500000)
 Metaspace       used 70776K, capacity 73694K, committed 74004K, reserved 1114112K
  class space    used 9339K, capacity 9944K, committed 10044K, reserved 1048576K
}
Event: 150.881 GC heap before
{Heap before GC invocations=18 (full 3):
 PSYoungGen      total 235520K, used 235502K [0x00000000eab00000, 0x00000000fd800000, 0x0000000100000000)
  eden space 215040K, 100% used [0x00000000eab00000,0x00000000f7d00000,0x00000000f7d00000)
  from space 20480K, 99% used [0x00000000f9480000,0x00000000fa87b850,0x00000000fa880000)
  to   space 24064K, 0% used [0x00000000f7d00000,0x00000000f7d00000,0x00000000f9480000)
 ParOldGen       total 218112K, used 39265K [0x00000000c0000000, 0x00000000cd500000, 0x00000000eab00000)
  object space 218112K, 18% used [0x00000000c0000000,0x00000000c2658408,0x00000000cd500000)
 Metaspace       used 81144K, capacity 85618K, committed 85780K, reserved 1124352K
  class space    used 10961K, capacity 11764K, committed 11836K, reserved 1048576K
Event: 150.913 GC heap after
Heap after GC invocations=18 (full 3):
 PSYoungGen      total 239104K, used 24044K [0x00000000eab00000, 0x00000000fdf80000, 0x0000000100000000)
  eden space 215040K, 0% used [0x00000000eab00000,0x00000000eab00000,0x00000000f7d00000)
  from space 24064K, 99% used [0x00000000f7d00000,0x00000000f947b210,0x00000000f9480000)
  to   space 29184K, 0% used [0x00000000fc300000,0x00000000fc300000,0x00000000fdf80000)
 ParOldGen       total 218112K, used 44837K [0x00000000c0000000, 0x00000000cd500000, 0x00000000eab00000)
  object space 218112K, 20% used [0x00000000c0000000,0x00000000c2bc96b8,0x00000000cd500000)
 Metaspace       used 81144K, capacity 85618K, committed 85780K, reserved 1124352K
  class space    used 10961K, capacity 11764K, committed 11836K, reserved 1048576K
}
Event: 152.117 GC heap before
{Heap before GC invocations=19 (full 3):
 PSYoungGen      total 239104K, used 239084K [0x00000000eab00000, 0x00000000fdf80000, 0x0000000100000000)
  eden space 215040K, 100% used [0x00000000eab00000,0x00000000f7d00000,0x00000000f7d00000)
  from space 24064K, 99% used [0x00000000f7d00000,0x00000000f947b210,0x00000000f9480000)
  to   space 29184K, 0% used [0x00000000fc300000,0x00000000fc300000,0x00000000fdf80000)
 ParOldGen       total 218112K, used 46886K [0x00000000c0000000, 0x00000000cd500000, 0x00000000eab00000)
  object space 218112K, 21% used [0x00000000c0000000,0x00000000c2dc9bf0,0x00000000cd500000)
 Metaspace       used 82272K, capacity 86746K, committed 86804K, reserved 1124352K
  class space    used 11041K, capacity 11832K, committed 11836K, reserved 1048576K
Event: 152.172 GC heap after
Heap after GC invocations=19 (full 3):
 PSYoungGen      total 282624K, used 29163K [0x00000000eab00000, 0x0000000100000000, 0x0000000100000000)
  eden space 253440K, 0% used [0x00000000eab00000,0x00000000eab00000,0x00000000fa280000)
  from space 29184K, 99% used [0x00000000fc300000,0x00000000fdf7adb8,0x00000000fdf80000)
  to   space 33280K, 0% used [0x00000000fa280000,0x00000000fa280000,0x00000000fc300000)
 ParOldGen       total 218112K, used 47347K [0x00000000c0000000, 0x00000000cd500000, 0x00000000eab00000)
  object space 218112K, 21% used [0x00000000c0000000,0x00000000c2e3cf38,0x00000000cd500000)
 Metaspace       used 82272K, capacity 86746K, committed 86804K, reserved 1124352K
  class space    used 11041K, capacity 11832K, committed 11836K, reserved 1048576K
}
Event: 153.745 GC heap before
{Heap before GC invocations=20 (full 3):
 PSYoungGen      total 282624K, used 282603K [0x00000000eab00000, 0x0000000100000000, 0x0000000100000000)
  eden space 253440K, 100% used [0x00000000eab00000,0x00000000fa280000,0x00000000fa280000)
  from space 29184K, 99% used [0x00000000fc300000,0x00000000fdf7adb8,0x00000000fdf80000)
  to   space 33280K, 0% used [0x00000000fa280000,0x00000000fa280000,0x00000000fc300000)
 ParOldGen       total 218112K, used 47356K [0x00000000c0000000, 0x00000000cd500000, 0x00000000eab00000)
  object space 218112K, 21% used [0x00000000c0000000,0x00000000c2e3f0b0,0x00000000cd500000)
 Metaspace       used 83623K, capacity 88194K, committed 88340K, reserved 1126400K
  class space    used 11209K, capacity 12030K, committed 12092K, reserved 1048576K
Event: 153.785 GC heap after
Heap after GC invocations=20 (full 3):
 PSYoungGen      total 286720K, used 16397K [0x00000000eab00000, 0x0000000100000000, 0x0000000100000000)
  eden space 253440K, 0% used [0x00000000eab00000,0x00000000eab00000,0x00000000fa280000)
  from space 33280K, 49% used [0x00000000fa280000,0x00000000fb2834e0,0x00000000fc300000)
  to   space 31744K, 0% used [0x00000000fe100000,0x00000000fe100000,0x0000000100000000)
 ParOldGen       total 218112K, used 58242K [0x00000000c0000000, 0x00000000cd500000, 0x00000000eab00000)
  object space 218112K, 26% used [0x00000000c0000000,0x00000000c38e0b30,0x00000000cd500000)
 Metaspace       used 83623K, capacity 88194K, committed 88340K, reserved 1126400K
  class space    used 11209K, capacity 12030K, committed 12092K, reserved 1048576K
}

